<?xml version="1.0" encoding="UTF-8"?>
<testsuite xmlns:xsi="http://www.w3.org/2001/XMLSchema-instance" xsi:noNamespaceSchemaLocation="https://maven.apache.org/surefire/maven-surefire-plugin/xsd/surefire-test-report-3.0.xsd" version="3.0" name="com.fan.fanbook.auth.FanBookAuthApplicationTests" time="1.178" tests="1" errors="0" skipped="0" failures="0">
  <properties>
[...]
</properties>
  <testcase name="contextLoads" classname="com.fan.fanbook.auth.FanBookAuthApplicationTests" time="0.199">
    <system-out><![CDATA[21:08:32.351 [main] DEBUG org.springframework.boot.test.context.SpringBootTestContextBootstrapper - Neither @ContextConfiguration nor @ContextHierarchy found for test class [FanBookAuthApplicationTests]: using SpringBootContextLoader
21:08:32.354 [main] DEBUG org.springframework.test.context.support.AbstractContextLoader - Could not detect default resource locations for test class [com.fan.fanbook.auth.FanBookAuthApplicationTests]: no resource found for suffixes {-context.xml, Context.groovy}.
21:08:32.354 [main] INFO org.springframework.test.context.support.AnnotationConfigContextLoaderUtils - Could not detect default configuration classes for test class [com.fan.fanbook.auth.FanBookAuthApplicationTests]: FanBookAuthApplicationTests does not declare any static, non-private, non-final, nested classes annotated with @Configuration.
21:08:32.367 [main] DEBUG org.springframework.boot.test.context.SpringBootTestContextBootstrapper - Using ContextCustomizers for test class [FanBookAuthApplicationTests]: [ExcludeFilterContextCustomizer, DuplicateJsonObjectContextCustomizer, MockitoContextCustomizer, TestRestTemplateContextCustomizer, DisableObservabilityContextCustomizer, PropertyMappingContextCustomizer, Customizer]
21:08:32.406 [main] DEBUG org.springframework.context.annotation.ClassPathScanningCandidateComponentProvider - Identified candidate component class: file [C:\Users\17355\Desktop\ai_p\Practice_HF\FanBook\FanBook-auth\target\classes\com\fan\fanbook\auth\FanBookAuthApplication.class]
21:08:32.407 [main] INFO org.springframework.boot.test.context.SpringBootTestContextBootstrapper - Found @SpringBootConfiguration com.fan.fanbook.auth.FanBookAuthApplication for test class com.fan.fanbook.auth.FanBookAuthApplicationTests
21:08:32.459 [main] DEBUG org.springframework.test.context.util.TestContextSpringFactoriesUtils - Skipping candidate TestExecutionListener [org.springframework.test.context.transaction.TransactionalTestExecutionListener] due to a missing dependency. Specify custom TestExecutionListener classes or make the default TestExecutionListener classes and their required dependencies available. Offending class: [org/springframework/transaction/interceptor/TransactionAttributeSource]
21:08:32.461 [main] DEBUG org.springframework.test.context.util.TestContextSpringFactoriesUtils - Skipping candidate TestExecutionListener [org.springframework.test.context.jdbc.SqlScriptsTestExecutionListener] due to a missing dependency. Specify custom TestExecutionListener classes or make the default TestExecutionListener classes and their required dependencies available. Offending class: [org/springframework/transaction/interceptor/TransactionAttribute]
21:08:32.462 [main] DEBUG org.springframework.boot.test.context.SpringBootTestContextBootstrapper - Using TestExecutionListeners for test class [FanBookAuthApplicationTests]: [ServletTestExecutionListener, DirtiesContextBeforeModesTestExecutionListener, ApplicationEventsTestExecutionListener, MockitoTestExecutionListener, DependencyInjectionTestExecutionListener, DirtiesContextTestExecutionListener, EventPublishingTestExecutionListener, ResetMocksTestExecutionListener, RestDocsTestExecutionListener, MockRestServiceServerResetTestExecutionListener, MockMvcPrintOnlyOnFailureTestExecutionListener, WebDriverTestExecutionListener, MockWebServiceServerTestExecutionListener]
21:08:32.463 [main] DEBUG org.springframework.test.context.support.AbstractDirtiesContextTestExecutionListener - Before test class: class [FanBookAuthApplicationTests], class annotated with @DirtiesContext [false] with mode [null]

  .   ____          _            __ _ _
 /\\ / ___'_ __ _ _(_)_ __  __ _ \ \ \ \
( ( )\___ | '_ | '_| | '_ \/ _` | \ \ \ \
 \\/  ___)| |_)| | | | | || (_| |  ) ) ) )
  '  |____| .__|_| |_|_| |_\__, | / / / /
 =========|_|==============|___/=/_/_/_/
 :: Spring Boot ::                (v3.0.2)

2026-01-01T21:08:32.626+08:00  INFO 45704 --- [           main] c.f.f.auth.FanBookAuthApplicationTests   : Starting FanBookAuthApplicationTests using Java 17.0.17 with PID 45704 (started by 17355 in C:\Users\17355\Desktop\ai_p\Practice_HF\FanBook\FanBook-auth)
2026-01-01T21:08:32.627+08:00  INFO 45704 --- [           main] c.f.f.auth.FanBookAuthApplicationTests   : No active profile set, falling back to 1 default profile: "default"
2026-01-01T21:08:33.233+08:00  INFO 45704 --- [           main] c.f.f.auth.FanBookAuthApplicationTests   : Started FanBookAuthApplicationTests in 0.751 seconds (process running for 1.406)
]]></system-out>
  </testcase>
</testsuite>